22-01-26 11:46:03.892 - INFO:   name: VSR
  phase: train
  gpu_ids: [0, 1]
  path:[
    log: experiments\VSR_220126_114603\logs
    tb_logger: experiments\VSR_220126_114603\tb_logger
    results: experiments\VSR_220126_114603\results
    checkpoint: experiments\VSR_220126_114603\checkpoint
    resume_state: None
    experiments_root: experiments\VSR_220126_114603
  ]
  datasets:[
    train:[
      name: REDS
      datatype: lmdb
      data_len: -1
    ]
    val:[
      name: REDS4
      datatype: lmdb
      data_len: 3
    ]
  ]
  model:[
    which_model_G: sr3
    finetune_norm: False
    unet:[
      in_channel: 6
      out_channel: 3
      inner_channel: 64
      norm_groups: 16
      channel_multiplier: [1, 2, 4, 8, 16]
      attn_res: []
      res_blocks: 1
      dropout: 0
    ]
    beta_schedule:[
      train:[
        schedule: linear
        n_timestep: 2000
        linear_start: 1e-06
        linear_end: 0.01
      ]
      val:[
        schedule: linear
        n_timestep: 2000
        linear_start: 1e-06
        linear_end: 0.01
      ]
    ]
    diffusion:[
      image_size: 1034
      channels: 3
      conditional: True
    ]
  ]
  train:[
    n_iter: 1000000
    val_freq: 10000.0
    save_checkpoint_freq: 10000.0
    print_freq: 50
    optimizer:[
      type: adam
      lr: 3e-6
    ]
  ]
  distributed: True

